<?xml version="1.0" encoding="UTF-8"?>
<coverage generated="1601365980">
  <project timestamp="1601365980">
    <package name="androidMarker">
      <file name="/home/molefe/Learning/Playground/Projects/OpenSauce/testCoverage2/androidMarker/DatabaseHelper.php">
        <class name="androidMarker\DatabaseHelper" namespace="androidMarker">
          <metrics complexity="22" methods="6" coveredmethods="2" conditionals="0" coveredconditionals="0" statements="53" coveredstatements="47" elements="59" coveredelements="49"/>
        </class>
        <line num="9" type="method" name="__construct" visibility="public" complexity="2" crap="2.15" count="4"/>
        <line num="12" type="stmt" count="4"/>
        <line num="13" type="stmt" count="3"/>
        <line num="14" type="stmt" count="1"/>
        <line num="15" type="stmt" count="0"/>
        <line num="16" type="stmt" count="0"/>
        <line num="19" type="stmt" count="3"/>
        <line num="50" type="method" name="insert_record" visibility="public" complexity="5" crap="5.00" count="1"/>
        <line num="52" type="stmt" count="1"/>
        <line num="53" type="stmt" count="1"/>
        <line num="54" type="stmt" count="1"/>
        <line num="55" type="stmt" count="1"/>
        <line num="56" type="stmt" count="1"/>
        <line num="57" type="stmt" count="1"/>
        <line num="58" type="stmt" count="1"/>
        <line num="59" type="stmt" count="1"/>
        <line num="60" type="stmt" count="1"/>
        <line num="61" type="stmt" count="1"/>
        <line num="63" type="stmt" count="1"/>
        <line num="64" type="stmt" count="1"/>
        <line num="65" type="stmt" count="1"/>
        <line num="68" type="stmt" count="1"/>
        <line num="69" type="stmt" count="1"/>
        <line num="70" type="stmt" count="1"/>
        <line num="72" type="stmt" count="0"/>
        <line num="75" type="stmt" count="1"/>
        <line num="83" type="method" name="get_record" visibility="public" complexity="6" crap="6.01" count="2"/>
        <line num="85" type="stmt" count="2"/>
        <line num="86" type="stmt" count="2"/>
        <line num="87" type="stmt" count="2"/>
        <line num="88" type="stmt" count="2"/>
        <line num="89" type="stmt" count="0"/>
        <line num="92" type="stmt" count="2"/>
        <line num="93" type="stmt" count="2"/>
        <line num="94" type="stmt" count="2"/>
        <line num="95" type="stmt" count="2"/>
        <line num="96" type="stmt" count="2"/>
        <line num="98" type="stmt" count="2"/>
        <line num="99" type="stmt" count="2"/>
        <line num="100" type="stmt" count="2"/>
        <line num="101" type="stmt" count="2"/>
        <line num="105" type="stmt" count="2"/>
        <line num="108" type="stmt" count="2"/>
        <line num="112" type="method" name="count_records" visibility="public" complexity="2" crap="2" count="1"/>
        <line num="114" type="stmt" count="1"/>
        <line num="115" type="stmt" count="1"/>
        <line num="116" type="stmt" count="1"/>
        <line num="117" type="stmt" count="1"/>
        <line num="120" type="stmt" count="1"/>
        <line num="128" type="method" name="delete_records" visibility="public" complexity="2" crap="2.09" count="1"/>
        <line num="130" type="stmt" count="1"/>
        <line num="131" type="stmt" count="1"/>
        <line num="132" type="stmt" count="1"/>
        <line num="133" type="stmt" count="1"/>
        <line num="136" type="stmt" count="0"/>
        <line num="137" type="stmt" count="0"/>
        <line num="139" type="stmt" count="1"/>
        <line num="142" type="method" name="getConnectionMessage" visibility="public" complexity="1" crap="1" count="1"/>
        <line num="144" type="stmt" count="1"/>
        <metrics loc="152" ncloc="115" classes="1" methods="6" coveredmethods="2" conditionals="0" coveredconditionals="0" statements="53" coveredstatements="47" elements="59" coveredelements="49"/>
      </file>
      <file name="/home/molefe/Learning/Playground/Projects/OpenSauce/testCoverage2/androidMarker/lib.php">
        <class name="androidMarker\lib" namespace="androidMarker">
          <metrics complexity="12" methods="6" coveredmethods="4" conditionals="0" coveredconditionals="0" statements="34" coveredstatements="32" elements="40" coveredelements="36"/>
        </class>
        <line num="9" type="method" name="create_directory" visibility="public" complexity="2" crap="2.06" count="1"/>
        <line num="11" type="stmt" count="1"/>
        <line num="12" type="stmt" count="1"/>
        <line num="13" type="stmt" count="1"/>
        <line num="15" type="stmt" count="0"/>
        <line num="18" type="method" name="create_content" visibility="public" complexity="1" crap="1" count="1"/>
        <line num="20" type="stmt" count="1"/>
        <line num="25" type="stmt" count="1"/>
        <line num="27" type="method" name="get_content" visibility="public" complexity="1" crap="1" count="1"/>
        <line num="29" type="stmt" count="1"/>
        <line num="32" type="method" name="remove_directory" complexity="2" crap="2.02" count="1"/>
        <line num="34" type="stmt" count="1"/>
        <line num="35" type="stmt" count="0"/>
        <line num="37" type="stmt" count="1"/>
        <line num="38" type="stmt" count="1"/>
        <line num="39" type="stmt" count="1"/>
        <line num="40" type="stmt" count="1"/>
        <line num="42" type="method" name="send_feedback" complexity="1" crap="1" count="1"/>
        <line num="44" type="stmt" count="1"/>
        <line num="45" type="stmt" count="1"/>
        <line num="47" type="stmt" count="1"/>
        <line num="50" type="stmt" count="1"/>
        <line num="53" type="stmt" count="1"/>
        <line num="55" type="stmt" count="1"/>
        <line num="56" type="stmt" count="1"/>
        <line num="57" type="stmt" count="1"/>
        <line num="58" type="stmt" count="1"/>
        <line num="59" type="stmt" count="1"/>
        <line num="61" type="method" name="check_for_compilation_errors" complexity="5" crap="5" count="1"/>
        <line num="63" type="stmt" count="1"/>
        <line num="65" type="stmt" count="1"/>
        <line num="67" type="stmt" count="1"/>
        <line num="68" type="stmt" count="1"/>
        <line num="69" type="stmt" count="1"/>
        <line num="71" type="stmt" count="1"/>
        <line num="72" type="stmt" count="1"/>
        <line num="73" type="stmt" count="1"/>
        <line num="75" type="stmt" count="1"/>
        <line num="80" type="stmt" count="1"/>
        <line num="81" type="stmt" count="1"/>
        <metrics loc="82" ncloc="70" classes="1" methods="6" coveredmethods="4" conditionals="0" coveredconditionals="0" statements="34" coveredstatements="32" elements="40" coveredelements="36"/>
      </file>
    </package>
    <package name="androidMarker\Test">
      <file name="/home/molefe/Learning/Playground/Projects/OpenSauce/testCoverage2/androidMarker/Test/DatabaseHelperTest.php">
        <class name="androidMarker\Test\DatabaseHelperTest" namespace="androidMarker\Test">
          <metrics complexity="9" methods="7" coveredmethods="6" conditionals="0" coveredconditionals="0" statements="41" coveredstatements="38" elements="48" coveredelements="44"/>
        </class>
        <line num="23" type="method" name="setUp" visibility="public" complexity="1" crap="1" count="4"/>
        <line num="25" type="stmt" count="4"/>
        <line num="26" type="stmt" count="4"/>
        <line num="27" type="stmt" count="4"/>
        <line num="28" type="stmt" count="4"/>
        <line num="29" type="stmt" count="4"/>
        <line num="30" type="stmt" count="4"/>
        <line num="31" type="stmt" count="4"/>
        <line num="32" type="stmt" count="4"/>
        <line num="33" type="stmt" count="4"/>
        <line num="34" type="stmt" count="4"/>
        <line num="37" type="method" name="getConnection" visibility="public" complexity="3" crap="3" count="4"/>
        <line num="40" type="stmt" count="4"/>
        <line num="41" type="stmt" count="4"/>
        <line num="42" type="stmt" count="1"/>
        <line num="44" type="stmt" count="4"/>
        <line num="46" type="stmt" count="4"/>
        <line num="49" type="method" name="getDataSet" visibility="protected" complexity="1" crap="1" count="4"/>
        <line num="52" type="stmt" count="4"/>
        <line num="55" type="method" name="testConnectionMessageReturns" visibility="public" complexity="1" crap="1" count="1"/>
        <line num="58" type="stmt" count="1"/>
        <line num="59" type="stmt" count="1"/>
        <line num="60" type="stmt" count="1"/>
        <line num="61" type="stmt" count="1"/>
        <line num="63" type="method" name="testException" visibility="public" complexity="1" crap="1.22" count="1"/>
        <line num="65" type="stmt" count="1"/>
        <line num="66" type="stmt" count="1"/>
        <line num="67" type="stmt" count="0"/>
        <line num="68" type="stmt" count="0"/>
        <line num="69" type="stmt" count="0"/>
        <line num="71" type="method" name="testInsertRecordWorks" visibility="public" complexity="1" crap="1" count="1"/>
        <line num="73" type="stmt" count="1"/>
        <line num="74" type="stmt" count="1"/>
        <line num="75" type="stmt" count="1"/>
        <line num="76" type="stmt" count="1"/>
        <line num="77" type="stmt" count="1"/>
        <line num="78" type="stmt" count="1"/>
        <line num="79" type="stmt" count="1"/>
        <line num="80" type="stmt" count="1"/>
        <line num="81" type="stmt" count="1"/>
        <line num="83" type="stmt" count="1"/>
        <line num="85" type="method" name="testGetRecordWorks" visibility="public" complexity="1" crap="1" count="1"/>
        <line num="87" type="stmt" count="1"/>
        <line num="88" type="stmt" count="1"/>
        <line num="89" type="stmt" count="1"/>
        <line num="90" type="stmt" count="1"/>
        <line num="91" type="stmt" count="1"/>
        <line num="92" type="stmt" count="1"/>
        <metrics loc="94" ncloc="86" classes="1" methods="7" coveredmethods="6" conditionals="0" coveredconditionals="0" statements="41" coveredstatements="38" elements="48" coveredelements="44"/>
      </file>
      <file name="/home/molefe/Learning/Playground/Projects/OpenSauce/testCoverage2/androidMarker/Test/libTest.php">
        <class name="androidMarker\Test\libTest" namespace="androidMarker\Test">
          <metrics complexity="8" methods="6" coveredmethods="4" conditionals="0" coveredconditionals="0" statements="37" coveredstatements="35" elements="43" coveredelements="39"/>
        </class>
        <line num="11" type="method" name="setUp" visibility="public" complexity="1" crap="1" count="5"/>
        <line num="13" type="stmt" count="5"/>
        <line num="14" type="stmt" count="5"/>
        <line num="15" type="stmt" count="5"/>
        <line num="16" type="stmt" count="5"/>
        <line num="17" type="stmt" count="5"/>
        <line num="18" type="stmt" count="5"/>
        <line num="19" type="stmt" count="5"/>
        <line num="20" type="stmt" count="5"/>
        <line num="27" type="stmt" count="5"/>
        <line num="29" type="method" name="testCreateDirectory" visibility="public" complexity="2" crap="2.02" count="1"/>
        <line num="31" type="stmt" count="1"/>
        <line num="32" type="stmt" count="1"/>
        <line num="33" type="stmt" count="0"/>
        <line num="35" type="stmt" count="1"/>
        <line num="36" type="stmt" count="1"/>
        <line num="37" type="stmt" count="1"/>
        <line num="39" type="method" name="testContent" visibility="public" complexity="1" crap="1" count="1"/>
        <line num="41" type="stmt" count="1"/>
        <line num="42" type="stmt" count="1"/>
        <line num="43" type="stmt" count="1"/>
        <line num="44" type="stmt" count="1"/>
        <line num="46" type="method" name="testRemoveDirectory" visibility="public" complexity="2" crap="2.02" count="1"/>
        <line num="48" type="stmt" count="1"/>
        <line num="49" type="stmt" count="1"/>
        <line num="50" type="stmt" count="0"/>
        <line num="52" type="stmt" count="1"/>
        <line num="53" type="stmt" count="1"/>
        <line num="54" type="stmt" count="1"/>
        <line num="56" type="method" name="testSendFeedbackWorks" visibility="public" complexity="1" crap="1" count="1"/>
        <line num="58" type="stmt" count="1"/>
        <line num="59" type="stmt" count="1"/>
        <line num="60" type="stmt" count="1"/>
        <line num="61" type="stmt" count="1"/>
        <line num="62" type="stmt" count="1"/>
        <line num="63" type="stmt" count="1"/>
        <line num="64" type="stmt" count="1"/>
        <line num="66" type="stmt" count="1"/>
        <line num="68" type="method" name="testCheckForCompilationErrorsWorks" visibility="public" complexity="1" crap="1" count="1"/>
        <line num="70" type="stmt" count="1"/>
        <line num="71" type="stmt" count="1"/>
        <line num="72" type="stmt" count="1"/>
        <line num="74" type="stmt" count="1"/>
        <metrics loc="76" ncloc="76" classes="1" methods="6" coveredmethods="4" conditionals="0" coveredconditionals="0" statements="37" coveredstatements="35" elements="43" coveredelements="39"/>
      </file>
    </package>
    <file name="/home/molefe/Learning/Playground/Projects/OpenSauce/testCoverage2/androidMarker/config.php">
      <line num="4" type="stmt" count="0"/>
      <line num="5" type="stmt" count="0"/>
      <line num="7" type="stmt" count="0"/>
      <line num="9" type="stmt" count="0"/>
      <line num="10" type="stmt" count="0"/>
      <line num="12" type="stmt" count="0"/>
      <line num="13" type="stmt" count="0"/>
      <line num="14" type="stmt" count="0"/>
      <line num="15" type="stmt" count="0"/>
      <line num="16" type="stmt" count="0"/>
      <line num="17" type="stmt" count="0"/>
      <line num="18" type="stmt" count="0"/>
      <line num="19" type="stmt" count="0"/>
      <line num="20" type="stmt" count="0"/>
      <line num="21" type="stmt" count="0"/>
      <line num="22" type="stmt" count="0"/>
      <line num="23" type="stmt" count="0"/>
      <line num="24" type="stmt" count="0"/>
      <line num="26" type="stmt" count="0"/>
      <line num="27" type="stmt" count="0"/>
      <line num="28" type="stmt" count="0"/>
      <line num="30" type="stmt" count="0"/>
      <metrics loc="30" ncloc="26" classes="0" methods="0" coveredmethods="0" conditionals="0" coveredconditionals="0" statements="22" coveredstatements="0" elements="22" coveredelements="0"/>
    </file>
    <metrics files="5" loc="434" ncloc="373" classes="4" methods="25" coveredmethods="16" conditionals="0" coveredconditionals="0" statements="187" coveredstatements="152" elements="212" coveredelements="168"/>
  </project>
</coverage>
